<?xml version="1.0" encoding="UTF-8"?>
<!-- Generated by org.testng.reporters.JUnitXMLReporter -->
<testsuite ignored="0" hostname="LAPTOP-6F96MQQ2" failures="0" tests="4" name="Default test" time="0.078" errors="0" timestamp="2023-08-10T13:48:11 IST">
  <testcase classname="auto_Testng._7_CritAndRegrHaveSameTestCase" name="CriticalRegression" time="0.01"/>
  <testcase classname="auto_Testng._7_CritAndRegrHaveSameTestCase" name="CriticalRegressionRegression" time="0.002"/>
  <testcase classname="auto_Testng._7_CritAndRegrHaveSameTestCase" name="Regression" time="0.002"/>
  <testcase classname="auto_Testng._7_CritAndRegrHaveSameTestCase" name="Regression_1" time="0.003"/>
</testsuite> <!-- Default test -->
