<?xml version="1.0" encoding="UTF-8"?>
<!-- Generated by org.testng.reporters.JUnitXMLReporter -->
<testsuite ignored="3" hostname="LAPTOP-6F96MQQ2" failures="0" tests="5" name="Test" time="0.094" errors="0" timestamp="2023-08-10T19:04:14 IST">
  <testcase classname="auto_Testng._6_RunByGropingTestCases" name="Regression_1" time="0.014"/>
  <testcase classname="auto_Testng._6_RunByGropingTestCases" name="Regression_2" time="0.002"/>
  <testcase classname="auto_Testng._7_CritAndRegrHaveSameTestCase" name="CriticalRegressionRegression" time="0.002"/>
  <testcase classname="auto_Testng._7_CritAndRegrHaveSameTestCase" name="Regression" time="0.003"/>
  <testcase classname="auto_Testng._7_CritAndRegrHaveSameTestCase" name="Regression_1" time="0.002"/>
  <testcase classname="auto_Testng._7_CritAndRegrHaveSameTestCase" name="CriticalRegression" time="0.0">
    <ignored/>
  </testcase> <!-- CriticalRegression -->
  <testcase classname="auto_Testng._6_RunByGropingTestCases" name="CriticalRegression_1" time="0.0">
    <ignored/>
  </testcase> <!-- CriticalRegression_1 -->
  <testcase classname="auto_Testng._6_RunByGropingTestCases" name="CriticalRegression_2" time="0.0">
    <ignored/>
  </testcase> <!-- CriticalRegression_2 -->
</testsuite> <!-- Test -->
